Tue May 17 15:15:48 EDT 2016 .. **********************************************
Tue May 17 15:15:48 EDT 2016 .. ==============================================
Tue May 17 15:15:48 EDT 2016 .. Preparing to start sync - brain guid = 82BFE586-E0A9-181D-9CB0-DEBD5E713AD7
Tue May 17 15:15:48 EDT 2016 .. Client version 8022
Tue May 17 15:15:48 EDT 2016 .. Difference in seconds between local and remote clocks = 3
Tue May 17 15:15:48 EDT 2016 .. Downloading sync points from server
Tue May 17 15:15:48 EDT 2016 .. Brain is not present - forcing complete upload
Tue May 17 15:15:48 EDT 2016 .. Sync GUID = 42B32D73-E411-815F-E804-8A552158902B
Tue May 17 15:15:48 EDT 2016 .. Export Folder = C:\Users\VDX1878E\AppData\Local\Temp\TheBrain
Tue May 17 15:15:48 EDT 2016 .. Never synced - using BrainZip
Tue May 17 15:15:51 EDT 2016 .. BrainZip created at C:\Users\VDX1878E\AppData\Local\Temp\TheBrain\42B32D73-E411-815F-E804-8A552158902B.syncOut.brainzip
Tue May 17 15:15:51 EDT 2016 .. trueLastSyncTime:null
Tue May 17 15:15:51 EDT 2016 .. Received from server:
==================

==================
Tue May 17 15:15:51 EDT 2016 .. Changes uploaded to https://webbrain.com/syncUpload
Tue May 17 15:23:55 EDT 2016 .. **********************************************
Tue May 17 15:23:55 EDT 2016 .. ==============================================
Tue May 17 15:23:55 EDT 2016 .. Preparing to start sync - brain guid = 82BFE586-E0A9-181D-9CB0-DEBD5E713AD7
Tue May 17 15:23:55 EDT 2016 .. Client version 8022
Tue May 17 15:23:55 EDT 2016 .. Difference in seconds between local and remote clocks = 3
Tue May 17 15:23:55 EDT 2016 .. Downloading sync points from server
Tue May 17 15:23:55 EDT 2016 .. Total sync points from server = 2
Tue May 17 15:23:55 EDT 2016 .. Most recent common sync point = 9526EED4-AA66-2E1A-6ABD-85E9A51CB625###2016-05-17 12:15:48.000 @-0700
Tue May 17 15:23:55 EDT 2016 .. Sync GUID = 0CE0306F-8DDC-CC94-177B-324C75D5B3C2
Tue May 17 15:23:55 EDT 2016 .. Export Folder = C:\Users\VDX1878E\AppData\Local\Temp\TheBrain\0CE0306F-8DDC-CC94-177B-324C75D5B3C2.syncOut
Tue May 17 15:23:55 EDT 2016 .. ==============================================
Tue May 17 15:23:55 EDT 2016 .. Starting sync Tue May 17 15:23:55 EDT 2016
Tue May 17 15:23:55 EDT 2016 .. Syncing changes since: May 17, 2016 3:07 PM
Tue May 17 15:23:55 EDT 2016 .. Number of modified Thoughts since last sync: 1
Tue May 17 15:23:55 EDT 2016 .. Number of modified links since last sync: 0
Tue May 17 15:23:55 EDT 2016 .. Number of modified attachments since last sync: 0
Tue May 17 15:23:55 EDT 2016 .. Number of modified entrys since last sync: 1
Tue May 17 15:23:55 EDT 2016 .. Output XML for sync created (case 1) at C:\Users\VDX1878E\AppData\Local\Temp\TheBrain\0CE0306F-8DDC-CC94-177B-324C75D5B3C2.syncOut\deltas.xml
Tue May 17 15:23:55 EDT 2016 .. Copied 0 thought icons
Tue May 17 15:23:55 EDT 2016 .. Copied 0 notes folders
Tue May 17 15:23:55 EDT 2016 .. Copied 0 attachment files
Tue May 17 15:23:55 EDT 2016 .. Changes zipped to C:\Users\VDX1878E\AppData\Local\Temp\TheBrain\0CE0306F-8DDC-CC94-177B-324C75D5B3C2.syncOut.zip
Tue May 17 15:23:55 EDT 2016 .. trueLastSyncTime:2016-05-17 15:15:48.989
Tue May 17 15:23:55 EDT 2016 .. Received from server:
==================

==================
Tue May 17 15:23:55 EDT 2016 .. Changes uploaded to https://webbrain.com/syncUpload
Tue May 17 15:24:00 EDT 2016 .. Status report from server: pending-processing: Currently being processed by the server

Tue May 17 15:24:56 EDT 2016 .. Status report from server: ready

Tue May 17 15:24:56 EDT 2016 .. Downloading from server to C:\Users\VDX1878E\AppData\Local\Temp\TheBrain\0CE0306F-8DDC-CC94-177B-324C75D5B3C2.syncIn.zip
Tue May 17 15:24:56 EDT 2016 ..   hasMoreData = false; amountPreviouslyDownloaded = 5467
Tue May 17 15:24:56 EDT 2016 .. (T) Memes <D86D72CB-79BC-F6EA-AB11-418CC31DEA50> created.
Tue May 17 15:24:56 EDT 2016 .. (T) Technology <5F72078D-36CA-8A55-9350-D359C14153B9> created.
Tue May 17 15:24:56 EDT 2016 .. (T) The Machine is Using Us <7FE54069-9563-3AC5-5786-046B082A4954> created.
Tue May 17 15:24:56 EDT 2016 .. (T) Where the Hell is Matt? <B0135447-FF80-448A-B8A8-8D6E22EB2510> created.
Tue May 17 15:24:56 EDT 2016 .. (T) Art <AC06B8DF-75B9-4859-42ED-46C6AE0067A3> created.
Tue May 17 15:24:56 EDT 2016 .. (T) Human Inspiration <9966518A-632D-5D07-C0EB-DA7A0F3D54E0> created.
Tue May 17 15:24:56 EDT 2016 .. (T) Human Feats <7000D34A-0F1C-0F3E-6BB1-A5E00997BB80> created.
Tue May 17 15:24:56 EDT 2016 .. (T) Science <ACF1F60B-0E51-3307-A489-42E1EA2C0F32> created.
Tue May 17 15:24:56 EDT 2016 .. (T) Gary Brolsma <2D807A88-3CFD-02BD-791F-45E434EA5055> created.
Tue May 17 15:24:56 EDT 2016 .. (T) The Oatmeal <C8A545BC-3DB0-C468-E04B-16E0415EB8A1> created.
Tue May 17 15:24:56 EDT 2016 .. (T) A Few of my Favorite Things <41512E2D-835D-2CD4-0769-AA6CF6798351> modified.
Tue May 17 15:24:56 EDT 2016 .. (T) Mantis Shrimp <82F5BB46-354F-4669-3372-F2971FDB941C> created.
Tue May 17 15:24:56 EDT 2016 .. (T) Spiral Solar System <0D58196C-25D7-9E66-5366-8F90F4085445> created.
Tue May 17 15:24:56 EDT 2016 .. (T) People <D2F17869-D773-C323-D79F-543CACD2A554> created.
Tue May 17 15:24:56 EDT 2016 .. (T) Online Orchestra <6270CF0E-B456-06BA-3A16-D303CA3FA7B3> created.
Tue May 17 15:24:56 EDT 2016 .. (T) Lodge McCammon <E488766A-3BAA-33FE-A325-B09A75DC7814> created.
Tue May 17 15:24:56 EDT 2016 .. (T) Matt Harding <C6876D9C-B06C-1837-B3A6-EC41F899AB3D> created.
Tue May 17 15:24:56 EDT 2016 .. (T) Mike Wesch <251E44E0-F282-7C04-0263-0E32E4E273D4> created.
Tue May 17 15:24:56 EDT 2016 .. (T) Education <06531260-FC70-3A99-FDD0-A7A9120EA998> created.
Tue May 17 15:24:56 EDT 2016 .. (T) Scale of Universe <B8F6CDFA-64ED-314A-EE25-6ABFAB19D4D2> created.
Tue May 17 15:24:56 EDT 2016 .. (L) [unnamed] <C4182EFE-B570-AECF-2522-6DA5813F763B> created.
Tue May 17 15:24:56 EDT 2016 .. (L) [unnamed] <6B297324-F446-ECBD-743D-21AF6040DDBD> created.
Tue May 17 15:24:56 EDT 2016 .. (L) [unnamed] <D38DAD39-FD79-77FA-3640-162405C325DD> created.
Tue May 17 15:24:56 EDT 2016 .. (L) [unnamed] <6D01CE7E-3EB7-51E9-CCB7-21A0D57EDDDE> created.
Tue May 17 15:24:56 EDT 2016 .. (L) [unnamed] <30D5BA69-653F-B427-7596-9E8528FE6FC9> created.
Tue May 17 15:24:56 EDT 2016 .. (L) [unnamed] <F53FB039-FFDC-159B-BF0B-9B8F2D6E15D0> created.
Tue May 17 15:24:56 EDT 2016 .. (L) [unnamed] <E5F89A24-FD4A-314E-0E9C-52B142142D80> created.
Tue May 17 15:24:56 EDT 2016 .. (L) [unnamed] <F4B9FA13-8A10-B194-6BB5-E6A9C2A2FC7F> created.
Tue May 17 15:24:56 EDT 2016 .. (L) [unnamed] <EEA9B4B3-A80A-6ACF-6FC8-4949A551E95C> created.
Tue May 17 15:24:56 EDT 2016 .. (L) [unnamed] <04789C90-F461-8D9A-C7E7-8C42721E3107> created.
Tue May 17 15:24:56 EDT 2016 .. (L) [unnamed] <41F5FDD2-D318-BE84-D937-519F318540B6> created.
Tue May 17 15:24:56 EDT 2016 .. (L) [unnamed] <C523AC3C-2284-D09A-0088-7B788AFDB8F3> created.
Tue May 17 15:24:56 EDT 2016 .. (L) [unnamed] <30803F40-E29E-D1F6-6EB2-E9FE4E235821> created.
Tue May 17 15:24:56 EDT 2016 .. (L) [unnamed] <2CB6506B-C077-A66D-219F-7A1F9A47823E> created.
Tue May 17 15:24:56 EDT 2016 .. (L) [unnamed] <702670AB-EE76-820F-D5D6-2F8CC3651CD3> created.
Tue May 17 15:24:56 EDT 2016 .. (L) [unnamed] <66A3983F-BA9E-097B-7EFC-5D2D872EA161> created.
Tue May 17 15:24:56 EDT 2016 .. (L) [unnamed] <8BD587C2-D5D5-41E5-3548-B0EF3BC0D16A> created.
Tue May 17 15:24:56 EDT 2016 .. (L) [unnamed] <B8D7921C-F527-A298-DF8B-C0D515B89CDA> created.
Tue May 17 15:24:56 EDT 2016 .. (L) [unnamed] <480C82E6-E52A-971B-2776-A4D4068D26D3> created.
Tue May 17 15:24:56 EDT 2016 .. (L) [unnamed] <850CCF2A-6616-D357-1A8D-20B87808238D> created.
Tue May 17 15:24:56 EDT 2016 .. (L) [unnamed] <0AB7945C-C577-CC64-4842-E8230E822BB6> created.
Tue May 17 15:24:56 EDT 2016 .. (L) [unnamed] <2342219E-2E79-12FC-62DC-EC3CD6C5E1FD> created.
Tue May 17 15:24:56 EDT 2016 .. (L) [unnamed] <174A7DA6-396F-754B-901D-DD2FCA83D937> created.
Tue May 17 15:24:56 EDT 2016 .. (E) [unnamed] <6F79A8B1-FBE2-657C-9D84-79D9D5624AB1> modified.
Tue May 17 15:24:56 EDT 2016 .. COMPLETED 20 thoughts, 23 links, 1 entries, 0 attachments, 0 attributes.
Tue May 17 15:24:56 EDT 2016 .. Sync 0CE0306F-8DDC-CC94-177B-324C75D5B3C2 completed successfully on client side
Tue May 17 15:25:05 EDT 2016 .. didServerCompleteSync - Server confirmed successful sync: OK: SyncPoints updated

Tue May 17 15:25:05 EDT 2016 .. Processing modification log. Size: 46965
Tue May 17 15:25:05 EDT 2016 .. Finished processing modification log
Tue May 17 15:25:05 EDT 2016 .. Finished everything
Tue May 17 15:25:05 EDT 2016 .. ......................................
Tue May 17 15:33:54 EDT 2016 .. **********************************************
Tue May 17 15:33:54 EDT 2016 .. ==============================================
Tue May 17 15:33:54 EDT 2016 .. Preparing to start sync - brain guid = 82BFE586-E0A9-181D-9CB0-DEBD5E713AD7
Tue May 17 15:33:54 EDT 2016 .. Client version 8022
Tue May 17 15:33:54 EDT 2016 .. Difference in seconds between local and remote clocks = 3
Tue May 17 15:33:54 EDT 2016 .. Downloading sync points from server
Tue May 17 15:33:55 EDT 2016 .. Total sync points from server = 3
Tue May 17 15:33:55 EDT 2016 .. Most recent common sync point = 0CE0306F-8DDC-CC94-177B-324C75D5B3C2###2016-05-17 12:23:55.000 @-0700
Tue May 17 15:33:55 EDT 2016 .. Sync GUID = A3DFA6B3-1737-AE0F-D8A9-EEB4E9AD1E97
Tue May 17 15:33:55 EDT 2016 .. Export Folder = C:\Users\VDX1878E\AppData\Local\Temp\TheBrain\A3DFA6B3-1737-AE0F-D8A9-EEB4E9AD1E97.syncOut
Tue May 17 15:33:55 EDT 2016 .. ==============================================
Tue May 17 15:33:55 EDT 2016 .. Starting sync Tue May 17 15:33:55 EDT 2016
Tue May 17 15:33:55 EDT 2016 .. Syncing changes since: May 17, 2016 3:15 PM
Tue May 17 15:33:55 EDT 2016 .. Number of modified Thoughts since last sync: 2
Tue May 17 15:33:55 EDT 2016 .. Number of modified links since last sync: 2
Tue May 17 15:33:55 EDT 2016 .. Number of modified attachments since last sync: 0
Tue May 17 15:33:55 EDT 2016 .. Number of modified entrys since last sync: 0
Tue May 17 15:33:55 EDT 2016 .. Output XML for sync created (case 1) at C:\Users\VDX1878E\AppData\Local\Temp\TheBrain\A3DFA6B3-1737-AE0F-D8A9-EEB4E9AD1E97.syncOut\deltas.xml
Tue May 17 15:33:55 EDT 2016 .. Copied 0 thought icons
Tue May 17 15:33:55 EDT 2016 .. Copied 0 notes folders
Tue May 17 15:33:55 EDT 2016 .. Copied 0 attachment files
Tue May 17 15:33:55 EDT 2016 .. Changes zipped to C:\Users\VDX1878E\AppData\Local\Temp\TheBrain\A3DFA6B3-1737-AE0F-D8A9-EEB4E9AD1E97.syncOut.zip
Tue May 17 15:33:55 EDT 2016 .. trueLastSyncTime:2016-05-17 15:23:55.653
Tue May 17 15:33:55 EDT 2016 .. Received from server:
==================

==================
Tue May 17 15:33:55 EDT 2016 .. Changes uploaded to https://webbrain.com/syncUpload
Tue May 17 15:34:00 EDT 2016 .. Status report from server: pending-processing: Currently being processed by the server

Tue May 17 15:34:10 EDT 2016 .. Status report from server: ready

Tue May 17 15:34:10 EDT 2016 .. Downloading from server to C:\Users\VDX1878E\AppData\Local\Temp\TheBrain\A3DFA6B3-1737-AE0F-D8A9-EEB4E9AD1E97.syncIn.zip
Tue May 17 15:34:10 EDT 2016 ..   hasMoreData = false; amountPreviouslyDownloaded = 7020
Tue May 17 15:34:11 EDT 2016 .. (T) David After Dentist <D6456F0B-3293-72DC-A605-F16AF0CBA876> created.
Tue May 17 15:34:11 EDT 2016 .. (T) Listen Lynda <D82C206C-92B7-240D-BA0D-CEA7A6782228> created.
Tue May 17 15:34:11 EDT 2016 .. (T) Numa Numa <285DFB83-F530-7130-5B8E-CAA77D172DCD> created.
Tue May 17 15:34:11 EDT 2016 .. (T) Charlie Bit Me <897DB206-3A8D-C0D2-9ACD-623BA6A91097> created.
Tue May 17 15:34:11 EDT 2016 .. (T) Dance <110E712D-5E6C-21A0-17E9-44CD0A0F7D50> created.
Tue May 17 15:34:11 EDT 2016 .. (T) Videos <D09B85C4-1AB1-A5C5-F1D5-2D1369FD9958> created.
Tue May 17 15:34:11 EDT 2016 .. (T) Actually Kid <478B17FA-CB22-AF75-872A-00BFB16B805B> created.
Tue May 17 15:34:11 EDT 2016 .. (T) Online Orchestra <6270CF0E-B456-06BA-3A16-D303CA3FA7B3> unchanged.
Tue May 17 15:34:11 EDT 2016 .. (T) Ain't Nobody Got Time for That <CC3EB98C-844C-5679-C564-5455F59D1075> created.
Tue May 17 15:34:11 EDT 2016 .. (T) Contact Juggling <6EC583B5-5017-A015-2A19-A3C44BADCE6E> created.
Tue May 17 15:34:11 EDT 2016 .. (T) I Can Haz Cheeseburger <44B8BE4E-FDF9-ADD7-154D-AC5847F43D39> created.
Tue May 17 15:34:11 EDT 2016 .. (T) Mike Wesch <251E44E0-F282-7C04-0263-0E32E4E273D4> unchanged.
Tue May 17 15:34:11 EDT 2016 .. (T) Simon's Cat <9F4367FB-A1DB-CF69-DEE4-DC399F739F95> created.
Tue May 17 15:34:11 EDT 2016 .. (T) Education <06531260-FC70-3A99-FDD0-A7A9120EA998> unchanged.
Tue May 17 15:34:11 EDT 2016 .. (T) Interesting Man <9D23F4EC-6427-9D2D-3E2C-7B1CD7F40323> created.
Tue May 17 15:34:11 EDT 2016 .. (T) Scale of Universe <B8F6CDFA-64ED-314A-EE25-6ABFAB19D4D2> unchanged.
Tue May 17 15:34:11 EDT 2016 .. (T) Dojo <625E3C1D-94EC-F69D-B602-1DFFA49A9BF7> created.
Tue May 17 15:34:11 EDT 2016 .. (T) Success Kid <56833ACF-07B2-6EAB-7B8F-46551996E402> created.
Tue May 17 15:34:11 EDT 2016 .. (T) Memes <D86D72CB-79BC-F6EA-AB11-418CC31DEA50> unchanged.
Tue May 17 15:34:11 EDT 2016 .. (T) Technology <5F72078D-36CA-8A55-9350-D359C14153B9> unchanged.
Tue May 17 15:34:11 EDT 2016 .. (T) The Machine is Using Us <7FE54069-9563-3AC5-5786-046B082A4954> unchanged.
Tue May 17 15:34:11 EDT 2016 .. (T) Where the Hell is Matt? <B0135447-FF80-448A-B8A8-8D6E22EB2510> unchanged.
Tue May 17 15:34:11 EDT 2016 .. (T) Art <AC06B8DF-75B9-4859-42ED-46C6AE0067A3> unchanged.
Tue May 17 15:34:11 EDT 2016 .. (T) Human Inspiration <9966518A-632D-5D07-C0EB-DA7A0F3D54E0> unchanged.
Tue May 17 15:34:11 EDT 2016 .. (T) Human Feats <7000D34A-0F1C-0F3E-6BB1-A5E00997BB80> unchanged.
Tue May 17 15:34:11 EDT 2016 .. (T) Science <ACF1F60B-0E51-3307-A489-42E1EA2C0F32> unchanged.
Tue May 17 15:34:11 EDT 2016 .. (T) Gary Brolsma <2D807A88-3CFD-02BD-791F-45E434EA5055> unchanged.
Tue May 17 15:34:11 EDT 2016 .. (T) The Oatmeal <C8A545BC-3DB0-C468-E04B-16E0415EB8A1> unchanged.
Tue May 17 15:34:11 EDT 2016 .. (T) A Few of my Favorite Things <41512E2D-835D-2CD4-0769-AA6CF6798351> unchanged.
Tue May 17 15:34:11 EDT 2016 .. (T) Mantis Shrimp <82F5BB46-354F-4669-3372-F2971FDB941C> unchanged.
Tue May 17 15:34:11 EDT 2016 .. (T) Spiral Solar System <0D58196C-25D7-9E66-5366-8F90F4085445> unchanged.
Tue May 17 15:34:11 EDT 2016 .. (T) People <D2F17869-D773-C323-D79F-543CACD2A554> unchanged.
Tue May 17 15:34:11 EDT 2016 .. (T) Lodge McCammon <E488766A-3BAA-33FE-A325-B09A75DC7814> unchanged.
Tue May 17 15:34:11 EDT 2016 .. (T) Matt Harding <C6876D9C-B06C-1837-B3A6-EC41F899AB3D> unchanged.
Tue May 17 15:34:11 EDT 2016 .. (L) [unnamed] <C4182EFE-B570-AECF-2522-6DA5813F763B> unchanged.
Tue May 17 15:34:11 EDT 2016 .. (L) [unnamed] <6B297324-F446-ECBD-743D-21AF6040DDBD> unchanged.
Tue May 17 15:34:11 EDT 2016 .. (L) [unnamed] <D38DAD39-FD79-77FA-3640-162405C325DD> unchanged.
Tue May 17 15:34:11 EDT 2016 .. (L) [unnamed] <6D01CE7E-3EB7-51E9-CCB7-21A0D57EDDDE> unchanged.
Tue May 17 15:34:11 EDT 2016 .. (L) [unnamed] <30D5BA69-653F-B427-7596-9E8528FE6FC9> unchanged.
Tue May 17 15:34:11 EDT 2016 .. (L) [unnamed] <F53FB039-FFDC-159B-BF0B-9B8F2D6E15D0> unchanged.
Tue May 17 15:34:11 EDT 2016 .. (L) [unnamed] <E5F89A24-FD4A-314E-0E9C-52B142142D80> unchanged.
Tue May 17 15:34:11 EDT 2016 .. (L) [unnamed] <F4B9FA13-8A10-B194-6BB5-E6A9C2A2FC7F> unchanged.
Tue May 17 15:34:11 EDT 2016 .. (L) [unnamed] <EEA9B4B3-A80A-6ACF-6FC8-4949A551E95C> unchanged.
Tue May 17 15:34:11 EDT 2016 .. (L) [unnamed] <04789C90-F461-8D9A-C7E7-8C42721E3107> unchanged.
Tue May 17 15:34:11 EDT 2016 .. (L) [unnamed] <41F5FDD2-D318-BE84-D937-519F318540B6> unchanged.
Tue May 17 15:34:11 EDT 2016 .. (L) [unnamed] <C523AC3C-2284-D09A-0088-7B788AFDB8F3> unchanged.
Tue May 17 15:34:11 EDT 2016 .. (L) [unnamed] <30803F40-E29E-D1F6-6EB2-E9FE4E235821> unchanged.
Tue May 17 15:34:11 EDT 2016 .. (L) [unnamed] <2CB6506B-C077-A66D-219F-7A1F9A47823E> unchanged.
Tue May 17 15:34:11 EDT 2016 .. (L) [unnamed] <702670AB-EE76-820F-D5D6-2F8CC3651CD3> unchanged.
Tue May 17 15:34:11 EDT 2016 .. (L) [unnamed] <66A3983F-BA9E-097B-7EFC-5D2D872EA161> unchanged.
Tue May 17 15:34:11 EDT 2016 .. (L) [unnamed] <8BD587C2-D5D5-41E5-3548-B0EF3BC0D16A> unchanged.
Tue May 17 15:34:11 EDT 2016 .. (L) [unnamed] <B8D7921C-F527-A298-DF8B-C0D515B89CDA> unchanged.
Tue May 17 15:34:11 EDT 2016 .. (L) [unnamed] <480C82E6-E52A-971B-2776-A4D4068D26D3> unchanged.
Tue May 17 15:34:11 EDT 2016 .. (L) [unnamed] <850CCF2A-6616-D357-1A8D-20B87808238D> unchanged.
Tue May 17 15:34:11 EDT 2016 .. (L) [unnamed] <0AB7945C-C577-CC64-4842-E8230E822BB6> unchanged.
Tue May 17 15:34:11 EDT 2016 .. (L) [unnamed] <2342219E-2E79-12FC-62DC-EC3CD6C5E1FD> unchanged.
Tue May 17 15:34:11 EDT 2016 .. (L) [unnamed] <E5806E2E-F98E-FB40-0FBC-CE90A118E1DA> created.
Tue May 17 15:34:11 EDT 2016 .. (L) [unnamed] <174A7DA6-396F-754B-901D-DD2FCA83D937> unchanged.
Tue May 17 15:34:11 EDT 2016 .. (L) [unnamed] <4BFC5C1C-CDDD-AC44-D5A5-2B9C4C689531> created.
Tue May 17 15:34:11 EDT 2016 .. (L) [unnamed] <ED5AD79A-EEC5-A3A5-2C8C-C8F2607A920F> created.
Tue May 17 15:34:11 EDT 2016 .. (L) [unnamed] <DD74B5B2-98AF-D267-CC1C-9B68F86F2631> created.
Tue May 17 15:34:11 EDT 2016 .. (L) [unnamed] <EFB7E228-7345-5AFC-BF78-76238C0C677E> created.
Tue May 17 15:34:11 EDT 2016 .. (L) [unnamed] <9BC46BA0-B510-E963-853D-F99A675961DC> created.
Tue May 17 15:34:11 EDT 2016 .. (L) [unnamed] <9E34FDCE-B064-3BF7-36CE-366AFE0920A8> created.
Tue May 17 15:34:11 EDT 2016 .. (L) [unnamed] <9427EDA1-A366-844F-E07E-1715B2257B11> created.
Tue May 17 15:34:11 EDT 2016 .. (L) [unnamed] <F18F4029-39AA-B2AF-DAA9-9030F5812F05> created.
Tue May 17 15:34:11 EDT 2016 .. (L) [unnamed] <CAC02D5C-3111-05E9-2578-957D91F1F4A4> created.
Tue May 17 15:34:11 EDT 2016 .. (L) [unnamed] <644FBE70-E8FB-9CDB-48F4-886619B22015> created.
Tue May 17 15:34:11 EDT 2016 .. (L) [unnamed] <C7F5CD31-403F-92F5-9706-743C8F2B17DF> created.
Tue May 17 15:34:11 EDT 2016 .. (L) [unnamed] <3B762ED2-9286-6753-E769-EA23D73A6EEA> created.
Tue May 17 15:34:11 EDT 2016 .. (L) [unnamed] <FEBDD2BF-FDA6-A3D9-A78B-AB2982769E0A> created.
Tue May 17 15:34:11 EDT 2016 .. (L) [unnamed] <CB6DAE20-C9EB-C9C9-737D-34AF308CCCEC> created.
Tue May 17 15:34:11 EDT 2016 .. (L) [unnamed] <D58DF26C-BF6A-180B-72AE-107F78814646> created.
Tue May 17 15:34:11 EDT 2016 .. (E) [unnamed] <6F79A8B1-FBE2-657C-9D84-79D9D5624AB1> unchanged.
Tue May 17 15:34:11 EDT 2016 .. COMPLETED 14 thoughts, 16 links, 0 entries, 0 attachments, 0 attributes.
Tue May 17 15:34:11 EDT 2016 .. Sync A3DFA6B3-1737-AE0F-D8A9-EEB4E9AD1E97 completed successfully on client side
Tue May 17 15:34:11 EDT 2016 .. didServerCompleteSync - Server confirmed successful sync: OK: SyncPoints updated

Tue May 17 15:34:11 EDT 2016 .. Processing modification log. Size: 56411
Tue May 17 15:34:11 EDT 2016 .. Finished processing modification log
Tue May 17 15:34:11 EDT 2016 .. Finished everything
Tue May 17 15:34:11 EDT 2016 .. ......................................
Tue May 17 15:43:54 EDT 2016 .. **********************************************
Tue May 17 15:43:54 EDT 2016 .. ==============================================
Tue May 17 15:43:54 EDT 2016 .. Preparing to start sync - brain guid = 82BFE586-E0A9-181D-9CB0-DEBD5E713AD7
Tue May 17 15:43:54 EDT 2016 .. Client version 8022
Tue May 17 15:43:54 EDT 2016 .. Difference in seconds between local and remote clocks = 3
Tue May 17 15:43:54 EDT 2016 .. Downloading sync points from server
Tue May 17 15:43:54 EDT 2016 .. Total sync points from server = 3
Tue May 17 15:43:54 EDT 2016 .. Most recent common sync point = A3DFA6B3-1737-AE0F-D8A9-EEB4E9AD1E97###2016-05-17 12:33:55.000 @-0700
Tue May 17 15:43:54 EDT 2016 .. Sync GUID = 3D3A6BDC-FE02-6F87-AE95-6004169D4CE6
Tue May 17 15:43:54 EDT 2016 .. Export Folder = C:\Users\VDX1878E\AppData\Local\Temp\TheBrain\3D3A6BDC-FE02-6F87-AE95-6004169D4CE6.syncOut
Tue May 17 15:43:54 EDT 2016 .. ==============================================
Tue May 17 15:43:54 EDT 2016 .. Starting sync Tue May 17 15:43:54 EDT 2016
Tue May 17 15:43:54 EDT 2016 .. Syncing changes since: May 17, 2016 3:25 PM
Tue May 17 15:43:54 EDT 2016 .. Number of modified Thoughts since last sync: 0
Tue May 17 15:43:54 EDT 2016 .. Number of modified links since last sync: 0
Tue May 17 15:43:54 EDT 2016 .. Number of modified attachments since last sync: 0
Tue May 17 15:43:54 EDT 2016 .. Number of modified entrys since last sync: 0
Tue May 17 15:43:54 EDT 2016 .. Output XML for sync created (case 1) at C:\Users\VDX1878E\AppData\Local\Temp\TheBrain\3D3A6BDC-FE02-6F87-AE95-6004169D4CE6.syncOut\deltas.xml
Tue May 17 15:43:54 EDT 2016 .. Copied 0 thought icons
Tue May 17 15:43:54 EDT 2016 .. Copied 0 notes folders
Tue May 17 15:43:54 EDT 2016 .. Copied 0 attachment files
Tue May 17 15:43:54 EDT 2016 .. Changes zipped to C:\Users\VDX1878E\AppData\Local\Temp\TheBrain\3D3A6BDC-FE02-6F87-AE95-6004169D4CE6.syncOut.zip
Tue May 17 15:43:54 EDT 2016 .. trueLastSyncTime:2016-05-17 15:33:55.606
Tue May 17 15:43:54 EDT 2016 .. Received from server:
==================

==================
Tue May 17 15:43:54 EDT 2016 .. Changes uploaded to https://webbrain.com/syncUpload
Tue May 17 15:43:59 EDT 2016 .. Status report from server: pending-processing: Currently being processed by the server

Tue May 17 15:44:09 EDT 2016 .. Status report from server: ready

Tue May 17 15:44:09 EDT 2016 .. Downloading from server to C:\Users\VDX1878E\AppData\Local\Temp\TheBrain\3D3A6BDC-FE02-6F87-AE95-6004169D4CE6.syncIn.zip
Tue May 17 15:44:09 EDT 2016 ..   hasMoreData = false; amountPreviouslyDownloaded = 3525
Tue May 17 15:44:09 EDT 2016 .. (T) David After Dentist <D6456F0B-3293-72DC-A605-F16AF0CBA876> unchanged.
Tue May 17 15:44:09 EDT 2016 .. (T) Listen Lynda <D82C206C-92B7-240D-BA0D-CEA7A6782228> unchanged.
Tue May 17 15:44:09 EDT 2016 .. (T) Numa Numa <285DFB83-F530-7130-5B8E-CAA77D172DCD> unchanged.
Tue May 17 15:44:09 EDT 2016 .. (T) Charlie Bit Me <897DB206-3A8D-C0D2-9ACD-623BA6A91097> unchanged.
Tue May 17 15:44:09 EDT 2016 .. (T) Dance <110E712D-5E6C-21A0-17E9-44CD0A0F7D50> unchanged.
Tue May 17 15:44:09 EDT 2016 .. (T) Videos <D09B85C4-1AB1-A5C5-F1D5-2D1369FD9958> unchanged.
Tue May 17 15:44:09 EDT 2016 .. (T) Actually Kid <478B17FA-CB22-AF75-872A-00BFB16B805B> unchanged.
Tue May 17 15:44:09 EDT 2016 .. (T) Ain't Nobody Got Time for That <CC3EB98C-844C-5679-C564-5455F59D1075> unchanged.
Tue May 17 15:44:09 EDT 2016 .. (T) Honey Badger Don't Care <C8A69C26-7CFA-DDA9-9F25-D4C02EACD2BC> created.
Tue May 17 15:44:09 EDT 2016 .. (T) I Can Haz Cheeseburger <44B8BE4E-FDF9-ADD7-154D-AC5847F43D39> unchanged.
Tue May 17 15:44:09 EDT 2016 .. (T) Simon's Cat <9F4367FB-A1DB-CF69-DEE4-DC399F739F95> unchanged.
Tue May 17 15:44:09 EDT 2016 .. (T) Interesting Man <9D23F4EC-6427-9D2D-3E2C-7B1CD7F40323> unchanged.
Tue May 17 15:44:09 EDT 2016 .. (T) Dojo <625E3C1D-94EC-F69D-B602-1DFFA49A9BF7> unchanged.
Tue May 17 15:44:09 EDT 2016 .. (T) Success Kid <56833ACF-07B2-6EAB-7B8F-46551996E402> unchanged.
Tue May 17 15:44:09 EDT 2016 .. (L) [unnamed] <CAC02D5C-3111-05E9-2578-957D91F1F4A4> unchanged.
Tue May 17 15:44:09 EDT 2016 .. (L) [unnamed] <644FBE70-E8FB-9CDB-48F4-886619B22015> unchanged.
Tue May 17 15:44:09 EDT 2016 .. (L) [unnamed] <C7F5CD31-403F-92F5-9706-743C8F2B17DF> unchanged.
Tue May 17 15:44:09 EDT 2016 .. (L) [unnamed] <3B762ED2-9286-6753-E769-EA23D73A6EEA> unchanged.
Tue May 17 15:44:09 EDT 2016 .. (L) [unnamed] <FEBDD2BF-FDA6-A3D9-A78B-AB2982769E0A> unchanged.
Tue May 17 15:44:09 EDT 2016 .. (L) [unnamed] <39D01714-26FB-AD20-208C-9F3F1232C2D1> created.
Tue May 17 15:44:09 EDT 2016 .. (L) [unnamed] <CB6DAE20-C9EB-C9C9-737D-34AF308CCCEC> unchanged.
Tue May 17 15:44:09 EDT 2016 .. (L) [unnamed] <D58DF26C-BF6A-180B-72AE-107F78814646> unchanged.
Tue May 17 15:44:09 EDT 2016 .. (L) [unnamed] <4BFC5C1C-CDDD-AC44-D5A5-2B9C4C689531> unchanged.
Tue May 17 15:44:09 EDT 2016 .. (L) [unnamed] <DD74B5B2-98AF-D267-CC1C-9B68F86F2631> unchanged.
Tue May 17 15:44:09 EDT 2016 .. (L) [unnamed] <EFB7E228-7345-5AFC-BF78-76238C0C677E> unchanged.
Tue May 17 15:44:09 EDT 2016 .. (L) [unnamed] <9BC46BA0-B510-E963-853D-F99A675961DC> unchanged.
Tue May 17 15:44:09 EDT 2016 .. (L) [unnamed] <9E34FDCE-B064-3BF7-36CE-366AFE0920A8> unchanged.
Tue May 17 15:44:09 EDT 2016 .. (L) [unnamed] <9427EDA1-A366-844F-E07E-1715B2257B11> unchanged.
Tue May 17 15:44:09 EDT 2016 .. (L) [unnamed] <F18F4029-39AA-B2AF-DAA9-9030F5812F05> unchanged.
Tue May 17 15:44:09 EDT 2016 .. COMPLETED 1 thoughts, 1 links, 0 entries, 0 attachments, 0 attributes.
Tue May 17 15:44:09 EDT 2016 .. Sync 3D3A6BDC-FE02-6F87-AE95-6004169D4CE6 completed successfully on client side
Tue May 17 15:44:10 EDT 2016 .. didServerCompleteSync - Server confirmed successful sync: OK: SyncPoints updated

Tue May 17 15:44:10 EDT 2016 .. Processing modification log. Size: 22824
Tue May 17 15:44:10 EDT 2016 .. Finished processing modification log
Tue May 17 15:44:10 EDT 2016 .. Finished everything
Tue May 17 15:44:10 EDT 2016 .. ......................................
Tue May 17 15:52:28 EDT 2016 .. **********************************************
Tue May 17 15:52:28 EDT 2016 .. ==============================================
Tue May 17 15:52:28 EDT 2016 .. Preparing to start sync - brain guid = 82BFE586-E0A9-181D-9CB0-DEBD5E713AD7
Tue May 17 15:52:28 EDT 2016 .. Client version 8022
Tue May 17 15:52:28 EDT 2016 .. Difference in seconds between local and remote clocks = 3
Tue May 17 15:52:28 EDT 2016 .. Downloading sync points from server
Tue May 17 15:52:32 EDT 2016 .. Total sync points from server = 3
Tue May 17 15:52:32 EDT 2016 .. Most recent common sync point = 3D3A6BDC-FE02-6F87-AE95-6004169D4CE6###2016-05-17 12:43:54.000 @-0700
Tue May 17 15:52:32 EDT 2016 .. Sync GUID = 349D16BE-F394-2815-12CE-3580DA866AB6
Tue May 17 15:52:32 EDT 2016 .. Export Folder = C:\Users\VDX1878E\AppData\Local\Temp\TheBrain\349D16BE-F394-2815-12CE-3580DA866AB6.syncOut
Tue May 17 15:52:32 EDT 2016 .. ==============================================
Tue May 17 15:52:32 EDT 2016 .. Starting sync Tue May 17 15:52:32 EDT 2016
Tue May 17 15:52:32 EDT 2016 .. Syncing changes since: May 17, 2016 3:35 PM
Tue May 17 15:52:32 EDT 2016 .. Number of modified Thoughts since last sync: 2
Tue May 17 15:52:32 EDT 2016 .. Number of modified links since last sync: 2
Tue May 17 15:52:32 EDT 2016 .. Number of modified attachments since last sync: 2
Tue May 17 15:52:32 EDT 2016 .. Number of modified entrys since last sync: 2
Tue May 17 15:52:32 EDT 2016 .. Output XML for sync created (case 1) at C:\Users\VDX1878E\AppData\Local\Temp\TheBrain\349D16BE-F394-2815-12CE-3580DA866AB6.syncOut\deltas.xml
Tue May 17 15:52:32 EDT 2016 .. Copied 0 thought icons
Tue May 17 15:52:32 EDT 2016 .. Copied 0 notes folders
Tue May 17 15:52:32 EDT 2016 .. Copied 0 attachment files
Tue May 17 15:52:32 EDT 2016 .. Changes zipped to C:\Users\VDX1878E\AppData\Local\Temp\TheBrain\349D16BE-F394-2815-12CE-3580DA866AB6.syncOut.zip
Tue May 17 15:52:32 EDT 2016 .. trueLastSyncTime:2016-05-17 15:43:54.431
Tue May 17 15:52:32 EDT 2016 .. Received from server:
==================

==================
Tue May 17 15:52:32 EDT 2016 .. Changes uploaded to https://webbrain.com/syncUpload
Tue May 17 15:52:37 EDT 2016 .. Status report from server: pending: #3 in the server's queue to be processed

Tue May 17 15:52:42 EDT 2016 .. Status report from server: pending: #1 in the server's queue to be processed

Tue May 17 15:52:47 EDT 2016 .. Status report from server: pending-processing: Currently being processed by the server

Tue May 17 15:52:52 EDT 2016 .. Status report from server: ready

Tue May 17 15:52:52 EDT 2016 .. Downloading from server to C:\Users\VDX1878E\AppData\Local\Temp\TheBrain\349D16BE-F394-2815-12CE-3580DA866AB6.syncIn.zip
Tue May 17 15:52:52 EDT 2016 ..   hasMoreData = false; amountPreviouslyDownloaded = 2187
Tue May 17 15:52:52 EDT 2016 .. (T) Star Wars Kid <305F851B-300C-F4EB-0D53-33FF2E476C4C> created.
Tue May 17 15:52:52 EDT 2016 .. (T) http://knowyourmeme.com/memes/the-most-interesting-man-in-the-world <3D806337-6258-48EB-DD5C-DC2CEF524A2A> created.
Tue May 17 15:52:52 EDT 2016 .. (T) Honey Badger Don't Care <C8A69C26-7CFA-DDA9-9F25-D4C02EACD2BC> unchanged.
Tue May 17 15:52:52 EDT 2016 .. (T) The Most Interesting Man in the World <9D23F4EC-6427-9D2D-3E2C-7B1CD7F40323> modified.
Tue May 17 15:52:52 EDT 2016 .. (L) [unnamed] <F0E4FF23-E660-7A96-87E2-C5FB6BE0AEE9> created.
Tue May 17 15:52:52 EDT 2016 .. (L) [unnamed] <5FA766F4-DC81-C76A-5C24-22D36036B65A> created.
Tue May 17 15:52:52 EDT 2016 .. (L) [unnamed] <39D01714-26FB-AD20-208C-9F3F1232C2D1> unchanged.
Tue May 17 15:52:52 EDT 2016 .. COMPLETED 3 thoughts, 2 links, 0 entries, 0 attachments, 0 attributes.
Tue May 17 15:52:52 EDT 2016 .. Sync 349D16BE-F394-2815-12CE-3580DA866AB6 completed successfully on client side
Tue May 17 15:52:52 EDT 2016 .. didServerCompleteSync - Server confirmed successful sync: OK: SyncPoints updated

Tue May 17 15:52:52 EDT 2016 .. Processing modification log. Size: 6455
Tue May 17 15:52:52 EDT 2016 .. Finished processing modification log
Tue May 17 15:52:52 EDT 2016 .. Finished everything
Tue May 17 15:52:52 EDT 2016 .. ......................................
Tue May 17 16:04:04 EDT 2016 .. **********************************************
Tue May 17 16:04:04 EDT 2016 .. ==============================================
Tue May 17 16:04:04 EDT 2016 .. Preparing to start sync - brain guid = 82BFE586-E0A9-181D-9CB0-DEBD5E713AD7
Tue May 17 16:04:04 EDT 2016 .. Client version 8022
Tue May 17 16:04:04 EDT 2016 .. Difference in seconds between local and remote clocks = 3
Tue May 17 16:04:04 EDT 2016 .. Downloading sync points from server
Tue May 17 16:04:04 EDT 2016 .. Total sync points from server = 3
Tue May 17 16:04:04 EDT 2016 .. Most recent common sync point = 349D16BE-F394-2815-12CE-3580DA866AB6###2016-05-17 12:52:32.000 @-0700
Tue May 17 16:04:04 EDT 2016 .. Sync GUID = 2E3DBB39-F3F2-9F77-C494-6C40AAA09554
Tue May 17 16:04:04 EDT 2016 .. Export Folder = C:\Users\VDX1878E\AppData\Local\Temp\TheBrain\2E3DBB39-F3F2-9F77-C494-6C40AAA09554.syncOut
Tue May 17 16:04:04 EDT 2016 .. ==============================================
Tue May 17 16:04:04 EDT 2016 .. Starting sync Tue May 17 16:04:04 EDT 2016
Tue May 17 16:04:04 EDT 2016 .. Syncing changes since: May 17, 2016 3:44 PM
Tue May 17 16:04:04 EDT 2016 .. Number of modified Thoughts since last sync: 7
Tue May 17 16:04:04 EDT 2016 .. Number of modified links since last sync: 8
Tue May 17 16:04:04 EDT 2016 .. Number of modified attachments since last sync: 7
Tue May 17 16:04:04 EDT 2016 .. Number of modified entrys since last sync: 7
Tue May 17 16:04:04 EDT 2016 .. Output XML for sync created (case 1) at C:\Users\VDX1878E\AppData\Local\Temp\TheBrain\2E3DBB39-F3F2-9F77-C494-6C40AAA09554.syncOut\deltas.xml
Tue May 17 16:04:04 EDT 2016 .. Copied 0 thought icons
Tue May 17 16:04:04 EDT 2016 .. Copied 0 notes folders
Tue May 17 16:04:04 EDT 2016 .. Copied 0 attachment files
Tue May 17 16:04:04 EDT 2016 .. Changes zipped to C:\Users\VDX1878E\AppData\Local\Temp\TheBrain\2E3DBB39-F3F2-9F77-C494-6C40AAA09554.syncOut.zip
Tue May 17 16:04:04 EDT 2016 .. trueLastSyncTime:2016-05-17 15:52:32.137
Tue May 17 16:04:04 EDT 2016 .. Received from server:
==================

==================
Tue May 17 16:04:04 EDT 2016 .. Changes uploaded to https://webbrain.com/syncUpload
Tue May 17 16:04:09 EDT 2016 .. Status report from server: pending-processing: Currently being processed by the server

Tue May 17 16:04:19 EDT 2016 .. Status report from server: ready

Tue May 17 16:04:19 EDT 2016 .. Downloading from server to C:\Users\VDX1878E\AppData\Local\Temp\TheBrain\2E3DBB39-F3F2-9F77-C494-6C40AAA09554.syncIn.zip
Tue May 17 16:04:19 EDT 2016 ..   hasMoreData = false; amountPreviouslyDownloaded = 2681
Tue May 17 16:04:19 EDT 2016 .. (T) http://knowyourmeme.com/memes/the-most-interesting-man-in-the-world <3D806337-6258-48EB-DD5C-DC2CEF524A2A> unchanged.
Tue May 17 16:04:19 EDT 2016 .. (T) The Most Interesting Man in the World <9D23F4EC-6427-9D2D-3E2C-7B1CD7F40323> unchanged.
Tue May 17 16:04:19 EDT 2016 .. (T) Annoying/Funny Sound <0A581D07-A60B-BBC7-6ADB-87D866ED02B0> created.
Tue May 17 16:04:19 EDT 2016 .. (L) [unnamed] <5F78174C-FD55-CE0D-231A-486CB4AC77E6> created.
Tue May 17 16:04:19 EDT 2016 .. (L) [unnamed] <F0E4FF23-E660-7A96-87E2-C5FB6BE0AEE9> unchanged.
Tue May 17 16:04:19 EDT 2016 .. (L) [unnamed] <5FA766F4-DC81-C76A-5C24-22D36036B65A> unchanged.
Tue May 17 16:04:19 EDT 2016 .. COMPLETED 1 thoughts, 1 links, 0 entries, 0 attachments, 0 attributes.
Tue May 17 16:04:20 EDT 2016 .. Sync 2E3DBB39-F3F2-9F77-C494-6C40AAA09554 completed successfully on client side
Tue May 17 16:04:20 EDT 2016 .. didServerCompleteSync - Server confirmed successful sync: OK: SyncPoints updated

Tue May 17 16:04:20 EDT 2016 .. Processing modification log. Size: 5704
Tue May 17 16:04:20 EDT 2016 .. Finished processing modification log
Tue May 17 16:04:20 EDT 2016 .. Finished everything
Tue May 17 16:04:20 EDT 2016 .. ......................................
Tue May 17 16:14:04 EDT 2016 .. **********************************************
Tue May 17 16:14:04 EDT 2016 .. ==============================================
Tue May 17 16:14:04 EDT 2016 .. Preparing to start sync - brain guid = 82BFE586-E0A9-181D-9CB0-DEBD5E713AD7
Tue May 17 16:14:04 EDT 2016 .. Client version 8022
Tue May 17 16:14:04 EDT 2016 .. Difference in seconds between local and remote clocks = 3
Tue May 17 16:14:04 EDT 2016 .. Downloading sync points from server
Tue May 17 16:14:04 EDT 2016 .. Total sync points from server = 3
Tue May 17 16:14:04 EDT 2016 .. Most recent common sync point = 2E3DBB39-F3F2-9F77-C494-6C40AAA09554###2016-05-17 13:04:04.000 @-0700
Tue May 17 16:14:04 EDT 2016 .. Sync GUID = 10702D9E-473D-705D-8347-2F2E1931BC71
Tue May 17 16:14:04 EDT 2016 .. Export Folder = C:\Users\VDX1878E\AppData\Local\Temp\TheBrain\10702D9E-473D-705D-8347-2F2E1931BC71.syncOut
Tue May 17 16:14:04 EDT 2016 .. ==============================================
Tue May 17 16:14:04 EDT 2016 .. Starting sync Tue May 17 16:14:04 EDT 2016
Tue May 17 16:14:04 EDT 2016 .. Syncing changes since: May 17, 2016 3:56 PM
Tue May 17 16:14:04 EDT 2016 .. Number of modified Thoughts since last sync: 7
Tue May 17 16:14:04 EDT 2016 .. Number of modified links since last sync: 6
Tue May 17 16:14:04 EDT 2016 .. Number of modified attachments since last sync: 6
Tue May 17 16:14:04 EDT 2016 .. Number of modified entrys since last sync: 6
Tue May 17 16:14:04 EDT 2016 .. Output XML for sync created (case 1) at C:\Users\VDX1878E\AppData\Local\Temp\TheBrain\10702D9E-473D-705D-8347-2F2E1931BC71.syncOut\deltas.xml
Tue May 17 16:14:04 EDT 2016 .. Copied 0 thought icons
Tue May 17 16:14:04 EDT 2016 .. Copied 0 notes folders
Tue May 17 16:14:04 EDT 2016 .. Copied 0 attachment files
Tue May 17 16:14:04 EDT 2016 .. Changes zipped to C:\Users\VDX1878E\AppData\Local\Temp\TheBrain\10702D9E-473D-705D-8347-2F2E1931BC71.syncOut.zip
Tue May 17 16:14:04 EDT 2016 .. trueLastSyncTime:2016-05-17 16:04:04.556
Tue May 17 16:14:04 EDT 2016 .. Received from server:
==================

==================
Tue May 17 16:14:04 EDT 2016 .. Changes uploaded to https://webbrain.com/syncUpload
Tue May 17 16:14:09 EDT 2016 .. Status report from server: pending-processing: Currently being processed by the server

Tue May 17 16:14:14 EDT 2016 .. Status report from server: ready

Tue May 17 16:14:14 EDT 2016 .. Downloading from server to C:\Users\VDX1878E\AppData\Local\Temp\TheBrain\10702D9E-473D-705D-8347-2F2E1931BC71.syncIn.zip
Tue May 17 16:14:14 EDT 2016 ..   hasMoreData = false; amountPreviouslyDownloaded = 2293
Tue May 17 16:14:15 EDT 2016 .. (T) Annoying/Funny Sound <0A581D07-A60B-BBC7-6ADB-87D866ED02B0> unchanged.
Tue May 17 16:14:15 EDT 2016 .. (L) [unnamed] <5F78174C-FD55-CE0D-231A-486CB4AC77E6> unchanged.
Tue May 17 16:14:15 EDT 2016 .. COMPLETED 0 thoughts, 0 links, 0 entries, 0 attachments, 0 attributes.
Tue May 17 16:14:15 EDT 2016 .. Sync 10702D9E-473D-705D-8347-2F2E1931BC71 completed successfully on client side
Tue May 17 16:14:15 EDT 2016 .. didServerCompleteSync - Server confirmed successful sync: OK: SyncPoints updated

Tue May 17 16:14:15 EDT 2016 .. Processing modification log. Size: 2546
Tue May 17 16:14:15 EDT 2016 .. Finished processing modification log
Tue May 17 16:14:15 EDT 2016 .. Finished everything
Tue May 17 16:14:15 EDT 2016 .. ......................................
Tue May 17 16:23:01 EDT 2016 .. **********************************************
Tue May 17 16:23:01 EDT 2016 .. ==============================================
Tue May 17 16:23:01 EDT 2016 .. Preparing to start sync - brain guid = 82BFE586-E0A9-181D-9CB0-DEBD5E713AD7
Tue May 17 16:23:01 EDT 2016 .. Client version 8022
Tue May 17 16:23:01 EDT 2016 .. Difference in seconds between local and remote clocks = 3
Tue May 17 16:23:01 EDT 2016 .. Downloading sync points from server
Tue May 17 16:23:01 EDT 2016 .. Total sync points from server = 3
Tue May 17 16:23:01 EDT 2016 .. Most recent common sync point = 10702D9E-473D-705D-8347-2F2E1931BC71###2016-05-17 13:14:04.000 @-0700
Tue May 17 16:23:01 EDT 2016 .. Sync GUID = B6A5A43D-243F-62DE-1802-C065E62664FD
Tue May 17 16:23:01 EDT 2016 .. Export Folder = C:\Users\VDX1878E\AppData\Local\Temp\TheBrain\B6A5A43D-243F-62DE-1802-C065E62664FD.syncOut
Tue May 17 16:23:01 EDT 2016 .. ==============================================
Tue May 17 16:23:01 EDT 2016 .. Starting sync Tue May 17 16:23:01 EDT 2016
Tue May 17 16:23:01 EDT 2016 .. Syncing changes since: May 17, 2016 4:06 PM
Tue May 17 16:23:01 EDT 2016 .. Number of modified Thoughts since last sync: 2
Tue May 17 16:23:01 EDT 2016 .. Number of modified links since last sync: 2
Tue May 17 16:23:01 EDT 2016 .. Number of modified attachments since last sync: 2
Tue May 17 16:23:01 EDT 2016 .. Number of modified entrys since last sync: 2
Tue May 17 16:23:01 EDT 2016 .. Output XML for sync created (case 1) at C:\Users\VDX1878E\AppData\Local\Temp\TheBrain\B6A5A43D-243F-62DE-1802-C065E62664FD.syncOut\deltas.xml
Tue May 17 16:23:01 EDT 2016 .. Copied 0 thought icons
Tue May 17 16:23:01 EDT 2016 .. Copied 0 notes folders
Tue May 17 16:23:01 EDT 2016 .. Copied 0 attachment files
Tue May 17 16:23:01 EDT 2016 .. Changes zipped to C:\Users\VDX1878E\AppData\Local\Temp\TheBrain\B6A5A43D-243F-62DE-1802-C065E62664FD.syncOut.zip
Tue May 17 16:23:01 EDT 2016 .. trueLastSyncTime:2016-05-17 16:14:04.675
Tue May 17 16:23:01 EDT 2016 .. Received from server:
==================

==================
Tue May 17 16:23:01 EDT 2016 .. Changes uploaded to https://webbrain.com/syncUpload
Tue May 17 16:23:06 EDT 2016 .. Status report from server: ready

Tue May 17 16:23:06 EDT 2016 .. Downloading from server to C:\Users\VDX1878E\AppData\Local\Temp\TheBrain\B6A5A43D-243F-62DE-1802-C065E62664FD.syncIn.zip
Tue May 17 16:23:06 EDT 2016 ..   hasMoreData = false; amountPreviouslyDownloaded = 1373
Tue May 17 16:23:06 EDT 2016 .. COMPLETED 0 thoughts, 0 links, 0 entries, 0 attachments, 0 attributes.
Tue May 17 16:23:06 EDT 2016 .. Sync B6A5A43D-243F-62DE-1802-C065E62664FD completed successfully on client side
Tue May 17 16:23:07 EDT 2016 .. didServerCompleteSync - Server confirmed successful sync: OK: SyncPoints updated

Tue May 17 16:23:07 EDT 2016 .. Processing modification log. Size: 1013
Tue May 17 16:23:07 EDT 2016 .. Finished processing modification log
Tue May 17 16:23:07 EDT 2016 .. Finished everything
Tue May 17 16:23:07 EDT 2016 .. ......................................
